<?xml version="1.0" encoding="UTF-8"?>
<testsuite name="IngredientTest" tests="9" skipped="0" failures="0" errors="0" timestamp="2016-05-11T17:22:25" hostname="epicodus-44.local" time="0.192">
  <properties/>
  <testcase name="find_findsIngredientInDatabase_true" classname="IngredientTest" time="0.106"/>
  <testcase name="delete_deletesIngredientInDatabase_true" classname="IngredientTest" time="0.018"/>
  <testcase name="Ingredient_instantiatesCorrectly_true" classname="IngredientTest" time="0.005"/>
  <testcase name="update_updatesIngredientInDatabase_true" classname="IngredientTest" time="0.018"/>
  <testcase name="all_emptyAtFirst" classname="IngredientTest" time="0.009"/>
  <testcase name="getId_returnsCorrectId" classname="IngredientTest" time="0.014"/>
  <testcase name="equals_returnTrueIfNamesAreSame" classname="IngredientTest" time="0.004"/>
  <testcase name="getName_returnsCorrectName_String" classname="IngredientTest" time="0.005"/>
  <testcase name="save_savesCorrectly" classname="IngredientTest" time="0.012"/>
  <system-out><![CDATA[]]></system-out>
  <system-err><![CDATA[]]></system-err>
</testsuite>
